Determining if the Q_WS_WIN exist failed with the following output:
Change Dir: /home/kasutaja/Downloads/okulardev/okular/build/CMakeFiles/CMakeTmp

Run Build Command:/usr/bin/make "cmTryCompileExec1897526575/fast"
/usr/bin/make -f CMakeFiles/cmTryCompileExec1897526575.dir/build.make CMakeFiles/cmTryCompileExec1897526575.dir/build
make[1]: Entering directory `/home/kasutaja/Downloads/okulardev/okular/build/CMakeFiles/CMakeTmp'
/usr/bin/cmake -E cmake_progress_report /home/kasutaja/Downloads/okulardev/okular/build/CMakeFiles/CMakeTmp/CMakeFiles 1
Building C object CMakeFiles/cmTryCompileExec1897526575.dir/CheckSymbolExists.c.o
/usr/bin/cc   -I/usr/include/qt4    -o CMakeFiles/cmTryCompileExec1897526575.dir/CheckSymbolExists.c.o   -c /home/kasutaja/Downloads/okulardev/okular/build/CMakeFiles/CMakeTmp/CheckSymbolExists.c
/home/kasutaja/Downloads/okulardev/okular/build/CMakeFiles/CMakeTmp/CheckSymbolExists.c: In function ‘main’:
/home/kasutaja/Downloads/okulardev/okular/build/CMakeFiles/CMakeTmp/CheckSymbolExists.c:8:19: error: ‘Q_WS_WIN’ undeclared (first use in this function)
/home/kasutaja/Downloads/okulardev/okular/build/CMakeFiles/CMakeTmp/CheckSymbolExists.c:8:19: note: each undeclared identifier is reported only once for each function it appears in
make[1]: *** [CMakeFiles/cmTryCompileExec1897526575.dir/CheckSymbolExists.c.o] Error 1
make[1]: Leaving directory `/home/kasutaja/Downloads/okulardev/okular/build/CMakeFiles/CMakeTmp'
make: *** [cmTryCompileExec1897526575/fast] Error 2

File /home/kasutaja/Downloads/okulardev/okular/build/CMakeFiles/CMakeTmp/CheckSymbolExists.c:
/* */
#include <QtCore/qglobal.h>

int main(int argc, char** argv)
{
  (void)argv;
#ifndef Q_WS_WIN
  return ((int*)(&Q_WS_WIN))[argc];
#else
  (void)argc;
  return 0;
#endif
}

Determining if the Q_WS_QWS exist failed with the following output:
Change Dir: /home/kasutaja/Downloads/okulardev/okular/build/CMakeFiles/CMakeTmp

Run Build Command:/usr/bin/make "cmTryCompileExec3807222204/fast"
/usr/bin/make -f CMakeFiles/cmTryCompileExec3807222204.dir/build.make CMakeFiles/cmTryCompileExec3807222204.dir/build
make[1]: Entering directory `/home/kasutaja/Downloads/okulardev/okular/build/CMakeFiles/CMakeTmp'
/usr/bin/cmake -E cmake_progress_report /home/kasutaja/Downloads/okulardev/okular/build/CMakeFiles/CMakeTmp/CMakeFiles 1
Building C object CMakeFiles/cmTryCompileExec3807222204.dir/CheckSymbolExists.c.o
/usr/bin/cc   -I/usr/include/qt4    -o CMakeFiles/cmTryCompileExec3807222204.dir/CheckSymbolExists.c.o   -c /home/kasutaja/Downloads/okulardev/okular/build/CMakeFiles/CMakeTmp/CheckSymbolExists.c
/home/kasutaja/Downloads/okulardev/okular/build/CMakeFiles/CMakeTmp/CheckSymbolExists.c: In function ‘main’:
/home/kasutaja/Downloads/okulardev/okular/build/CMakeFiles/CMakeTmp/CheckSymbolExists.c:8:19: error: ‘Q_WS_QWS’ undeclared (first use in this function)
/home/kasutaja/Downloads/okulardev/okular/build/CMakeFiles/CMakeTmp/CheckSymbolExists.c:8:19: note: each undeclared identifier is reported only once for each function it appears in
make[1]: *** [CMakeFiles/cmTryCompileExec3807222204.dir/CheckSymbolExists.c.o] Error 1
make[1]: Leaving directory `/home/kasutaja/Downloads/okulardev/okular/build/CMakeFiles/CMakeTmp'
make: *** [cmTryCompileExec3807222204/fast] Error 2

File /home/kasutaja/Downloads/okulardev/okular/build/CMakeFiles/CMakeTmp/CheckSymbolExists.c:
/* */
#include <QtCore/qglobal.h>

int main(int argc, char** argv)
{
  (void)argv;
#ifndef Q_WS_QWS
  return ((int*)(&Q_WS_QWS))[argc];
#else
  (void)argc;
  return 0;
#endif
}

Determining if the Q_WS_MAC exist failed with the following output:
Change Dir: /home/kasutaja/Downloads/okulardev/okular/build/CMakeFiles/CMakeTmp

Run Build Command:/usr/bin/make "cmTryCompileExec1843847713/fast"
/usr/bin/make -f CMakeFiles/cmTryCompileExec1843847713.dir/build.make CMakeFiles/cmTryCompileExec1843847713.dir/build
make[1]: Entering directory `/home/kasutaja/Downloads/okulardev/okular/build/CMakeFiles/CMakeTmp'
/usr/bin/cmake -E cmake_progress_report /home/kasutaja/Downloads/okulardev/okular/build/CMakeFiles/CMakeTmp/CMakeFiles 1
Building C object CMakeFiles/cmTryCompileExec1843847713.dir/CheckSymbolExists.c.o
/usr/bin/cc   -I/usr/include/qt4    -o CMakeFiles/cmTryCompileExec1843847713.dir/CheckSymbolExists.c.o   -c /home/kasutaja/Downloads/okulardev/okular/build/CMakeFiles/CMakeTmp/CheckSymbolExists.c
/home/kasutaja/Downloads/okulardev/okular/build/CMakeFiles/CMakeTmp/CheckSymbolExists.c: In function ‘main’:
/home/kasutaja/Downloads/okulardev/okular/build/CMakeFiles/CMakeTmp/CheckSymbolExists.c:8:19: error: ‘Q_WS_MAC’ undeclared (first use in this function)
/home/kasutaja/Downloads/okulardev/okular/build/CMakeFiles/CMakeTmp/CheckSymbolExists.c:8:19: note: each undeclared identifier is reported only once for each function it appears in
make[1]: *** [CMakeFiles/cmTryCompileExec1843847713.dir/CheckSymbolExists.c.o] Error 1
make[1]: Leaving directory `/home/kasutaja/Downloads/okulardev/okular/build/CMakeFiles/CMakeTmp'
make: *** [cmTryCompileExec1843847713/fast] Error 2

File /home/kasutaja/Downloads/okulardev/okular/build/CMakeFiles/CMakeTmp/CheckSymbolExists.c:
/* */
#include <QtCore/qglobal.h>

int main(int argc, char** argv)
{
  (void)argv;
#ifndef Q_WS_MAC
  return ((int*)(&Q_WS_MAC))[argc];
#else
  (void)argc;
  return 0;
#endif
}

Determining if the pthread_create exist failed with the following output:
Change Dir: /home/kasutaja/Downloads/okulardev/okular/build/CMakeFiles/CMakeTmp

Run Build Command:/usr/bin/make "cmTryCompileExec131139140/fast"
/usr/bin/make -f CMakeFiles/cmTryCompileExec131139140.dir/build.make CMakeFiles/cmTryCompileExec131139140.dir/build
make[1]: Entering directory `/home/kasutaja/Downloads/okulardev/okular/build/CMakeFiles/CMakeTmp'
/usr/bin/cmake -E cmake_progress_report /home/kasutaja/Downloads/okulardev/okular/build/CMakeFiles/CMakeTmp/CMakeFiles 1
Building C object CMakeFiles/cmTryCompileExec131139140.dir/CheckSymbolExists.c.o
/usr/bin/cc    -o CMakeFiles/cmTryCompileExec131139140.dir/CheckSymbolExists.c.o   -c /home/kasutaja/Downloads/okulardev/okular/build/CMakeFiles/CMakeTmp/CheckSymbolExists.c
Linking C executable cmTryCompileExec131139140
/usr/bin/cmake -E cmake_link_script CMakeFiles/cmTryCompileExec131139140.dir/link.txt --verbose=1
/usr/bin/cc         CMakeFiles/cmTryCompileExec131139140.dir/CheckSymbolExists.c.o  -o cmTryCompileExec131139140 -rdynamic 
CMakeFiles/cmTryCompileExec131139140.dir/CheckSymbolExists.c.o: In function `main':
CheckSymbolExists.c:(.text+0xa): undefined reference to `pthread_create'
collect2: error: ld returned 1 exit status
make[1]: *** [cmTryCompileExec131139140] Error 1
make[1]: Leaving directory `/home/kasutaja/Downloads/okulardev/okular/build/CMakeFiles/CMakeTmp'
make: *** [cmTryCompileExec131139140/fast] Error 2

File /home/kasutaja/Downloads/okulardev/okular/build/CMakeFiles/CMakeTmp/CheckSymbolExists.c:
/* */
#include <pthread.h>

int main(int argc, char** argv)
{
  (void)argv;
#ifndef pthread_create
  return ((int*)(&pthread_create))[argc];
#else
  (void)argc;
  return 0;
#endif
}

Determining if the function pthread_create exists in the pthreads failed with the following output:
Change Dir: /home/kasutaja/Downloads/okulardev/okular/build/CMakeFiles/CMakeTmp

Run Build Command:/usr/bin/make "cmTryCompileExec1998160229/fast"
/usr/bin/make -f CMakeFiles/cmTryCompileExec1998160229.dir/build.make CMakeFiles/cmTryCompileExec1998160229.dir/build
make[1]: Entering directory `/home/kasutaja/Downloads/okulardev/okular/build/CMakeFiles/CMakeTmp'
/usr/bin/cmake -E cmake_progress_report /home/kasutaja/Downloads/okulardev/okular/build/CMakeFiles/CMakeTmp/CMakeFiles 1
Building C object CMakeFiles/cmTryCompileExec1998160229.dir/CheckFunctionExists.c.o
/usr/bin/cc   -DCHECK_FUNCTION_EXISTS=pthread_create   -o CMakeFiles/cmTryCompileExec1998160229.dir/CheckFunctionExists.c.o   -c /usr/share/cmake-2.8/Modules/CheckFunctionExists.c
Linking C executable cmTryCompileExec1998160229
/usr/bin/cmake -E cmake_link_script CMakeFiles/cmTryCompileExec1998160229.dir/link.txt --verbose=1
/usr/bin/cc     -DCHECK_FUNCTION_EXISTS=pthread_create    CMakeFiles/cmTryCompileExec1998160229.dir/CheckFunctionExists.c.o  -o cmTryCompileExec1998160229 -rdynamic -lpthreads 
/usr/bin/ld: cannot find -lpthreads
collect2: error: ld returned 1 exit status
make[1]: *** [cmTryCompileExec1998160229] Error 1
make[1]: Leaving directory `/home/kasutaja/Downloads/okulardev/okular/build/CMakeFiles/CMakeTmp'
make: *** [cmTryCompileExec1998160229/fast] Error 2


Performing C++ SOURCE FILE Test _OFFT_IS_64BIT failed with the following output:
Change Dir: /home/kasutaja/Downloads/okulardev/okular/build/CMakeFiles/CMakeTmp

Run Build Command:/usr/bin/make "cmTryCompileExec3206042962/fast"
/usr/bin/make -f CMakeFiles/cmTryCompileExec3206042962.dir/build.make CMakeFiles/cmTryCompileExec3206042962.dir/build
make[1]: Entering directory `/home/kasutaja/Downloads/okulardev/okular/build/CMakeFiles/CMakeTmp'
/usr/bin/cmake -E cmake_progress_report /home/kasutaja/Downloads/okulardev/okular/build/CMakeFiles/CMakeTmp/CMakeFiles 1
Building CXX object CMakeFiles/cmTryCompileExec3206042962.dir/src.cxx.o
/usr/bin/c++    -D_OFFT_IS_64BIT   -o CMakeFiles/cmTryCompileExec3206042962.dir/src.cxx.o -c /home/kasutaja/Downloads/okulardev/okular/build/CMakeFiles/CMakeTmp/src.cxx
/home/kasutaja/Downloads/okulardev/okular/build/CMakeFiles/CMakeTmp/src.cxx:9:23: warning: left shift count >= width of type [enabled by default]
/home/kasutaja/Downloads/okulardev/okular/build/CMakeFiles/CMakeTmp/src.cxx:9:23: warning: left shift count >= width of type [enabled by default]
/home/kasutaja/Downloads/okulardev/okular/build/CMakeFiles/CMakeTmp/src.cxx:9:97: error: size of array ‘off_t_is_large’ is negative
make[1]: *** [CMakeFiles/cmTryCompileExec3206042962.dir/src.cxx.o] Error 1
make[1]: Leaving directory `/home/kasutaja/Downloads/okulardev/okular/build/CMakeFiles/CMakeTmp'
make: *** [cmTryCompileExec3206042962/fast] Error 2

Source file was:

#include <sys/types.h>
 /* Check that off_t can represent 2**63 - 1 correctly.
    We can't simply define LARGE_OFF_T to be 9223372036854775807,
    since some C++ compilers masquerading as C compilers
    incorrectly reject 9223372036854775807.  */
#define LARGE_OFF_T (((off_t) 1 << 62) - 1 + ((off_t) 1 << 62))

  int off_t_is_large[(LARGE_OFF_T % 2147483629 == 721 && LARGE_OFF_T % 2147483647 == 1) ? 1 : -1];
  int main() { return 0; }

Performing C++ SOURCE FILE Test HAVE_POPPLER_0_22 failed with the following output:
Change Dir: /home/kasutaja/Downloads/okulardev/okular/build/CMakeFiles/CMakeTmp

Run Build Command:/usr/bin/make "cmTryCompileExec1120864349/fast"
/usr/bin/make -f CMakeFiles/cmTryCompileExec1120864349.dir/build.make CMakeFiles/cmTryCompileExec1120864349.dir/build
make[1]: Entering directory `/home/kasutaja/Downloads/okulardev/okular/build/CMakeFiles/CMakeTmp'
/usr/bin/cmake -E cmake_progress_report /home/kasutaja/Downloads/okulardev/okular/build/CMakeFiles/CMakeTmp/CMakeFiles 1
Building CXX object CMakeFiles/cmTryCompileExec1120864349.dir/src.cxx.o
/usr/bin/c++    -Wnon-virtual-dtor -Wno-long-long -Wundef -Wcast-align -Wchar-subscripts -Wall -W -Wpointer-arith -Wformat-security -fno-exceptions -DQT_NO_EXCEPTIONS -fno-check-new -fno-common -Woverloaded-virtual -fno-threadsafe-statics -fvisibility=hidden -Werror=return-type -fvisibility-inlines-hidden  -DHAVE_POPPLER_0_22 -I/usr/include/poppler/qt4 -I/usr/include/poppler -I/usr/include/qt4    -o CMakeFiles/cmTryCompileExec1120864349.dir/src.cxx.o -c /home/kasutaja/Downloads/okulardev/okular/build/CMakeFiles/CMakeTmp/src.cxx
/home/kasutaja/Downloads/okulardev/okular/build/CMakeFiles/CMakeTmp/src.cxx: In function ‘int main()’:
/home/kasutaja/Downloads/okulardev/okular/build/CMakeFiles/CMakeTmp/src.cxx:10:10: error: ‘class Poppler::MovieObject’ has no member named ‘showPosterImage’
/home/kasutaja/Downloads/okulardev/okular/build/CMakeFiles/CMakeTmp/src.cxx:12:9: error: ‘AdditionalActionType’ in ‘class Poppler::Annotation’ does not name a type
/home/kasutaja/Downloads/okulardev/okular/build/CMakeFiles/CMakeTmp/src.cxx:13:9: error: ‘RenditionAction’ in ‘class Poppler::LinkRendition’ does not name a type
/home/kasutaja/Downloads/okulardev/okular/build/CMakeFiles/CMakeTmp/src.cxx:14:9: error: ‘FormType’ in ‘class Poppler::Document’ does not name a type
/home/kasutaja/Downloads/okulardev/okular/build/CMakeFiles/CMakeTmp/src.cxx:9:22: warning: unused variable ‘doc’ [-Wunused-variable]
make[1]: *** [CMakeFiles/cmTryCompileExec1120864349.dir/src.cxx.o] Error 1
make[1]: Leaving directory `/home/kasutaja/Downloads/okulardev/okular/build/CMakeFiles/CMakeTmp'
make: *** [cmTryCompileExec1120864349/fast] Error 2

Source file was:

#include <poppler-qt4.h>
#include <poppler-annotation.h>
#include <poppler-link.h>

int main()
{
  Poppler::MovieObject *movie = 0;
  Poppler::Document *doc = 0;
  movie->showPosterImage();

  const Poppler::Annotation::AdditionalActionType type = Poppler::Annotation::PageOpeningAction;
  const Poppler::LinkRendition::RenditionAction action = Poppler::LinkRendition::NoRendition;
  const Poppler::Document::FormType formType = doc->formType();

  return 0;
}

Performing C++ SOURCE FILE Test HAVE_POPPLER_0_24 failed with the following output:
Change Dir: /home/kasutaja/Downloads/okulardev/okular/build/CMakeFiles/CMakeTmp

Run Build Command:/usr/bin/make "cmTryCompileExec3062454984/fast"
/usr/bin/make -f CMakeFiles/cmTryCompileExec3062454984.dir/build.make CMakeFiles/cmTryCompileExec3062454984.dir/build
make[1]: Entering directory `/home/kasutaja/Downloads/okulardev/okular/build/CMakeFiles/CMakeTmp'
/usr/bin/cmake -E cmake_progress_report /home/kasutaja/Downloads/okulardev/okular/build/CMakeFiles/CMakeTmp/CMakeFiles 1
Building CXX object CMakeFiles/cmTryCompileExec3062454984.dir/src.cxx.o
/usr/bin/c++    -Wnon-virtual-dtor -Wno-long-long -Wundef -Wcast-align -Wchar-subscripts -Wall -W -Wpointer-arith -Wformat-security -fno-exceptions -DQT_NO_EXCEPTIONS -fno-check-new -fno-common -Woverloaded-virtual -fno-threadsafe-statics -fvisibility=hidden -Werror=return-type -fvisibility-inlines-hidden  -DHAVE_POPPLER_0_24 -I/usr/include/poppler/qt4 -I/usr/include/poppler -I/usr/include/qt4    -o CMakeFiles/cmTryCompileExec3062454984.dir/src.cxx.o -c /home/kasutaja/Downloads/okulardev/okular/build/CMakeFiles/CMakeTmp/src.cxx
/home/kasutaja/Downloads/okulardev/okular/build/CMakeFiles/CMakeTmp/src.cxx: In function ‘int main()’:
/home/kasutaja/Downloads/okulardev/okular/build/CMakeFiles/CMakeTmp/src.cxx:5:40: error: ‘ThinLineSolid’ is not a member of ‘Poppler::Document’
/home/kasutaja/Downloads/okulardev/okular/build/CMakeFiles/CMakeTmp/src.cxx:5:33: warning: unused variable ‘hint’ [-Wunused-variable]
make[1]: *** [CMakeFiles/cmTryCompileExec3062454984.dir/src.cxx.o] Error 1
make[1]: Leaving directory `/home/kasutaja/Downloads/okulardev/okular/build/CMakeFiles/CMakeTmp'
make: *** [cmTryCompileExec3062454984/fast] Error 2

Source file was:

#include <poppler-qt4.h>
int main()
{
  Poppler::Document::RenderHint hint = Poppler::Document::ThinLineSolid;
  return 0;
}

